<?xml version="1.0" encoding="UTF-8"?>
<testsuite name="sohyun.seminar.SeminarApplicationTests" tests="1" skipped="0" failures="0" errors="0" timestamp="2022-05-02T03:44:45" hostname="DESKTOP-1EUOHCS" time="0.243">
  <properties/>
  <testcase name="contextLoads()" classname="sohyun.seminar.SeminarApplicationTests" time="0.243"/>
  <system-out><![CDATA[12:44:38.635 [Test worker] DEBUG org.springframework.test.context.BootstrapUtils - Instantiating CacheAwareContextLoaderDelegate from class [org.springframework.test.context.cache.DefaultCacheAwareContextLoaderDelegate]
12:44:38.646 [Test worker] DEBUG org.springframework.test.context.BootstrapUtils - Instantiating BootstrapContext using constructor [public org.springframework.test.context.support.DefaultBootstrapContext(java.lang.Class,org.springframework.test.context.CacheAwareContextLoaderDelegate)]
12:44:38.686 [Test worker] DEBUG org.springframework.test.context.BootstrapUtils - Instantiating TestContextBootstrapper for test class [sohyun.seminar.SeminarApplicationTests] from class [org.springframework.boot.test.context.SpringBootTestContextBootstrapper]
12:44:38.702 [Test worker] INFO org.springframework.boot.test.context.SpringBootTestContextBootstrapper - Neither @ContextConfiguration nor @ContextHierarchy found for test class [sohyun.seminar.SeminarApplicationTests], using SpringBootContextLoader
12:44:38.708 [Test worker] DEBUG org.springframework.test.context.support.AbstractContextLoader - Did not detect default resource location for test class [sohyun.seminar.SeminarApplicationTests]: class path resource [sohyun/seminar/SeminarApplicationTests-context.xml] does not exist
12:44:38.709 [Test worker] DEBUG org.springframework.test.context.support.AbstractContextLoader - Did not detect default resource location for test class [sohyun.seminar.SeminarApplicationTests]: class path resource [sohyun/seminar/SeminarApplicationTestsContext.groovy] does not exist
12:44:38.709 [Test worker] INFO org.springframework.test.context.support.AbstractContextLoader - Could not detect default resource locations for test class [sohyun.seminar.SeminarApplicationTests]: no resource found for suffixes {-context.xml, Context.groovy}.
12:44:38.710 [Test worker] INFO org.springframework.test.context.support.AnnotationConfigContextLoaderUtils - Could not detect default configuration classes for test class [sohyun.seminar.SeminarApplicationTests]: SeminarApplicationTests does not declare any static, non-private, non-final, nested classes annotated with @Configuration.
12:44:38.767 [Test worker] DEBUG org.springframework.test.context.support.ActiveProfilesUtils - Could not find an 'annotation declaring class' for annotation type [org.springframework.test.context.ActiveProfiles] and class [sohyun.seminar.SeminarApplicationTests]
12:44:38.848 [Test worker] DEBUG org.springframework.context.annotation.ClassPathScanningCandidateComponentProvider - Identified candidate component class: file [E:\스프링 공부\Spring-Seminar - ver3\seminar (2)\seminar\build\classes\java\main\sohyun\seminar\SeminarApplication.class]
12:44:38.850 [Test worker] INFO org.springframework.boot.test.context.SpringBootTestContextBootstrapper - Found @SpringBootConfiguration sohyun.seminar.SeminarApplication for test class sohyun.seminar.SeminarApplicationTests
12:44:38.960 [Test worker] DEBUG org.springframework.boot.test.context.SpringBootTestContextBootstrapper - @TestExecutionListeners is not present for class [sohyun.seminar.SeminarApplicationTests]: using defaults.
12:44:38.961 [Test worker] INFO org.springframework.boot.test.context.SpringBootTestContextBootstrapper - Loaded default TestExecutionListener class names from location [META-INF/spring.factories]: [org.springframework.boot.test.autoconfigure.restdocs.RestDocsTestExecutionListener, org.springframework.boot.test.autoconfigure.web.client.MockRestServiceServerResetTestExecutionListener, org.springframework.boot.test.autoconfigure.web.servlet.MockMvcPrintOnlyOnFailureTestExecutionListener, org.springframework.boot.test.autoconfigure.web.servlet.WebDriverTestExecutionListener, org.springframework.boot.test.autoconfigure.webservices.client.MockWebServiceServerTestExecutionListener, org.springframework.boot.test.mock.mockito.MockitoTestExecutionListener, org.springframework.boot.test.mock.mockito.ResetMocksTestExecutionListener, org.springframework.test.context.web.ServletTestExecutionListener, org.springframework.test.context.support.DirtiesContextBeforeModesTestExecutionListener, org.springframework.test.context.event.ApplicationEventsTestExecutionListener, org.springframework.test.context.support.DependencyInjectionTestExecutionListener, org.springframework.test.context.support.DirtiesContextTestExecutionListener, org.springframework.test.context.transaction.TransactionalTestExecutionListener, org.springframework.test.context.jdbc.SqlScriptsTestExecutionListener, org.springframework.test.context.event.EventPublishingTestExecutionListener]
12:44:38.982 [Test worker] INFO org.springframework.boot.test.context.SpringBootTestContextBootstrapper - Using TestExecutionListeners: [org.springframework.test.context.web.ServletTestExecutionListener@46f699d5, org.springframework.test.context.support.DirtiesContextBeforeModesTestExecutionListener@18518ccf, org.springframework.test.context.event.ApplicationEventsTestExecutionListener@1991f767, org.springframework.boot.test.mock.mockito.MockitoTestExecutionListener@768ccdc5, org.springframework.boot.test.autoconfigure.SpringBootDependencyInjectionTestExecutionListener@4c6daf0, org.springframework.test.context.support.DirtiesContextTestExecutionListener@10650953, org.springframework.test.context.transaction.TransactionalTestExecutionListener@659eef7, org.springframework.test.context.jdbc.SqlScriptsTestExecutionListener@162be91c, org.springframework.test.context.event.EventPublishingTestExecutionListener@2488b073, org.springframework.boot.test.autoconfigure.restdocs.RestDocsTestExecutionListener@1c9f0a20, org.springframework.boot.test.autoconfigure.web.client.MockRestServiceServerResetTestExecutionListener@55787112, org.springframework.boot.test.autoconfigure.web.servlet.MockMvcPrintOnlyOnFailureTestExecutionListener@1cd201a8, org.springframework.boot.test.autoconfigure.web.servlet.WebDriverTestExecutionListener@7db82169, org.springframework.boot.test.autoconfigure.webservices.client.MockWebServiceServerTestExecutionListener@1992eaf4, org.springframework.boot.test.mock.mockito.ResetMocksTestExecutionListener@f74e835]
12:44:38.988 [Test worker] DEBUG org.springframework.test.context.support.AbstractDirtiesContextTestExecutionListener - Before test class: context [DefaultTestContext@1643d68f testClass = SeminarApplicationTests, testInstance = [null], testMethod = [null], testException = [null], mergedContextConfiguration = [WebMergedContextConfiguration@186978a6 testClass = SeminarApplicationTests, locations = '{}', classes = '{class sohyun.seminar.SeminarApplication}', contextInitializerClasses = '[]', activeProfiles = '{}', propertySourceLocations = '{}', propertySourceProperties = '{org.springframework.boot.test.context.SpringBootTestContextBootstrapper=true}', contextCustomizers = set[org.springframework.boot.test.autoconfigure.actuate.metrics.MetricsExportContextCustomizerFactory$DisableMetricExportContextCustomizer@3c7c886c, org.springframework.boot.test.autoconfigure.properties.PropertyMappingContextCustomizer@0, org.springframework.boot.test.autoconfigure.web.servlet.WebDriverContextCustomizerFactory$Customizer@12f9af83, org.springframework.boot.test.context.filter.ExcludeFilterContextCustomizer@10cf09e8, org.springframework.boot.test.json.DuplicateJsonObjectContextCustomizerFactory$DuplicateJsonObjectContextCustomizer@177bea38, org.springframework.boot.test.mock.mockito.MockitoContextCustomizer@0, org.springframework.boot.test.web.client.TestRestTemplateContextCustomizer@1b7c473a, org.springframework.boot.test.context.SpringBootTestArgs@1, org.springframework.boot.test.context.SpringBootTestWebEnvironment@11bd0f3b], resourceBasePath = 'src/main/webapp', contextLoader = 'org.springframework.boot.test.context.SpringBootContextLoader', parent = [null]], attributes = map['org.springframework.test.context.web.ServletTestExecutionListener.activateListener' -> true]], class annotated with @DirtiesContext [false] with mode [null].

  .   ____          _            __ _ _
 /\\ / ___'_ __ _ _(_)_ __  __ _ \ \ \ \
( ( )\___ | '_ | '_| | '_ \/ _` | \ \ \ \
 \\/  ___)| |_)| | | | | || (_| |  ) ) ) )
  '  |____| .__|_| |_|_| |_\__, | / / / /
 =========|_|==============|___/=/_/_/_/
 :: Spring Boot ::                (v2.6.7)

2022-05-02 12:44:39.366  INFO 24652 --- [    Test worker] sohyun.seminar.SeminarApplicationTests   : Starting SeminarApplicationTests using Java 14 on DESKTOP-1EUOHCS with PID 24652 (started by Sohyun in E:\스프링 공부\Spring-Seminar - ver3\seminar (2)\seminar)
2022-05-02 12:44:39.368  INFO 24652 --- [    Test worker] sohyun.seminar.SeminarApplicationTests   : No active profile set, falling back to 1 default profile: "default"
2022-05-02 12:44:40.405  INFO 24652 --- [    Test worker] .s.d.r.c.RepositoryConfigurationDelegate : Bootstrapping Spring Data JPA repositories in DEFAULT mode.
2022-05-02 12:44:40.515  INFO 24652 --- [    Test worker] .s.d.r.c.RepositoryConfigurationDelegate : Finished Spring Data repository scanning in 98 ms. Found 2 JPA repository interfaces.
2022-05-02 12:44:41.279  INFO 24652 --- [    Test worker] com.zaxxer.hikari.HikariDataSource       : HikariPool-1 - Starting...
2022-05-02 12:44:41.704  INFO 24652 --- [    Test worker] com.zaxxer.hikari.HikariDataSource       : HikariPool-1 - Start completed.
2022-05-02 12:44:41.793  INFO 24652 --- [    Test worker] o.hibernate.jpa.internal.util.LogHelper  : HHH000204: Processing PersistenceUnitInfo [name: default]
2022-05-02 12:44:41.868  INFO 24652 --- [    Test worker] org.hibernate.Version                    : HHH000412: Hibernate ORM core version 5.6.8.Final
2022-05-02 12:44:42.250  INFO 24652 --- [    Test worker] o.hibernate.annotations.common.Version   : HCANN000001: Hibernate Commons Annotations {5.1.2.Final}
2022-05-02 12:44:42.421  INFO 24652 --- [    Test worker] org.hibernate.dialect.Dialect            : HHH000400: Using dialect: org.hibernate.dialect.MySQL5Dialect
2022-05-02 12:44:43.175  INFO 24652 --- [    Test worker] o.h.e.t.j.p.i.JtaPlatformInitiator       : HHH000490: Using JtaPlatform implementation: [org.hibernate.engine.transaction.jta.platform.internal.NoJtaPlatform]
2022-05-02 12:44:43.204  INFO 24652 --- [    Test worker] j.LocalContainerEntityManagerFactoryBean : Initialized JPA EntityManagerFactory for persistence unit 'default'
2022-05-02 12:44:44.177  WARN 24652 --- [    Test worker] JpaBaseConfiguration$JpaWebConfiguration : spring.jpa.open-in-view is enabled by default. Therefore, database queries may be performed during view rendering. Explicitly configure spring.jpa.open-in-view to disable this warning
2022-05-02 12:44:45.304  INFO 24652 --- [    Test worker] sohyun.seminar.SeminarApplicationTests   : Started SeminarApplicationTests in 6.274 seconds (JVM running for 7.745)
]]></system-out>
  <system-err><![CDATA[]]></system-err>
</testsuite>
